CRITICAL - 2020-09-21 13:14:01 --> Undefined variable: key
#0 C:\xampp\htdocs\complementarias\app\Views\Division\Responsables\editar.php(2): CodeIgniter\Debug\Exceptions->errorHandler(8, 'Undefined varia...', 'C:\\xampp\\htdocs...', 2, Array)
#1 C:\xampp\htdocs\complementarias\system\View\View.php(246): include('C:\\xampp\\htdocs...')
#2 C:\xampp\htdocs\complementarias\system\Common.php(1119): CodeIgniter\View\View->render('Division/Respon...', Array, true)
#3 C:\xampp\htdocs\complementarias\app\Views\Division\Responsables\listar.php(66): view('Division/Respon...', Array)
#4 C:\xampp\htdocs\complementarias\system\View\View.php(246): include('C:\\xampp\\htdocs...')
#5 C:\xampp\htdocs\complementarias\system\Common.php(1119): CodeIgniter\View\View->render('Division/Respon...', Array, true)
#6 C:\xampp\htdocs\complementarias\app\Controllers\Division\ResponsableController.php(21): view('Division/Respon...', Array)
#7 C:\xampp\htdocs\complementarias\system\CodeIgniter.php(918): App\Controllers\Division\ResponsableController->index()
#8 C:\xampp\htdocs\complementarias\system\CodeIgniter.php(404): CodeIgniter\CodeIgniter->runController(Object(App\Controllers\Division\ResponsableController))
#9 C:\xampp\htdocs\complementarias\system\CodeIgniter.php(312): CodeIgniter\CodeIgniter->handleRequest(NULL, Object(Config\Cache), false)
#10 C:\xampp\htdocs\complementarias\index.php(45): CodeIgniter\CodeIgniter->run()
#11 {main}
CRITICAL - 2020-09-21 13:33:56 --> Trying to get property 'nombre' of non-object
#0 C:\xampp\htdocs\complementarias\app\Views\Division\Responsables\editar.php(10): CodeIgniter\Debug\Exceptions->errorHandler(8, 'Trying to get p...', 'C:\\xampp\\htdocs...', 10, Array)
#1 C:\xampp\htdocs\complementarias\system\View\View.php(246): include('C:\\xampp\\htdocs...')
#2 C:\xampp\htdocs\complementarias\system\Common.php(1119): CodeIgniter\View\View->render('Division/Respon...', Array, true)
#3 C:\xampp\htdocs\complementarias\app\Controllers\Division\ResponsableController.php(77): view('Division/Respon...', Array)
#4 C:\xampp\htdocs\complementarias\system\CodeIgniter.php(918): App\Controllers\Division\ResponsableController->editar()
#5 C:\xampp\htdocs\complementarias\system\CodeIgniter.php(404): CodeIgniter\CodeIgniter->runController(Object(App\Controllers\Division\ResponsableController))
#6 C:\xampp\htdocs\complementarias\system\CodeIgniter.php(312): CodeIgniter\CodeIgniter->handleRequest(NULL, Object(Config\Cache), false)
#7 C:\xampp\htdocs\complementarias\index.php(45): CodeIgniter\CodeIgniter->run()
#8 {main}
CRITICAL - 2020-09-21 13:52:55 --> Undefined variable: session
#0 C:\xampp\htdocs\complementarias\app\Views\Division\Responsables\editar.php(62): CodeIgniter\Debug\Exceptions->errorHandler(8, 'Undefined varia...', 'C:\\xampp\\htdocs...', 62, Array)
#1 C:\xampp\htdocs\complementarias\system\View\View.php(246): include('C:\\xampp\\htdocs...')
#2 C:\xampp\htdocs\complementarias\system\Common.php(1119): CodeIgniter\View\View->render('Division/Respon...', Array, true)
#3 C:\xampp\htdocs\complementarias\app\Controllers\Division\ResponsableController.php(77): view('Division/Respon...', Array)
#4 C:\xampp\htdocs\complementarias\system\CodeIgniter.php(918): App\Controllers\Division\ResponsableController->editar()
#5 C:\xampp\htdocs\complementarias\system\CodeIgniter.php(404): CodeIgniter\CodeIgniter->runController(Object(App\Controllers\Division\ResponsableController))
#6 C:\xampp\htdocs\complementarias\system\CodeIgniter.php(312): CodeIgniter\CodeIgniter->handleRequest(NULL, Object(Config\Cache), false)
#7 C:\xampp\htdocs\complementarias\index.php(45): CodeIgniter\CodeIgniter->run()
#8 {main}
CRITICAL - 2020-09-21 14:11:13 --> Undefined variable: rfc_responsable
#0 C:\xampp\htdocs\complementarias\app\Services\ResponsableService.php(61): CodeIgniter\Debug\Exceptions->errorHandler(8, 'Undefined varia...', 'C:\\xampp\\htdocs...', 61, Array)
#1 C:\xampp\htdocs\complementarias\app\Controllers\Division\ResponsableController.php(165): App\Services\ResponsableService->cambiarEstatus('RFCDEPRUEBAXX')
#2 C:\xampp\htdocs\complementarias\system\CodeIgniter.php(918): App\Controllers\Division\ResponsableController->cambiarEstatus()
#3 C:\xampp\htdocs\complementarias\system\CodeIgniter.php(404): CodeIgniter\CodeIgniter->runController(Object(App\Controllers\Division\ResponsableController))
#4 C:\xampp\htdocs\complementarias\system\CodeIgniter.php(312): CodeIgniter\CodeIgniter->handleRequest(NULL, Object(Config\Cache), false)
#5 C:\xampp\htdocs\complementarias\index.php(45): CodeIgniter\CodeIgniter->run()
#6 {main}
CRITICAL - 2020-09-21 14:11:33 --> Trying to access array offset on value of type null
#0 C:\xampp\htdocs\complementarias\app\Controllers\Division\ResponsableController.php(167): CodeIgniter\Debug\Exceptions->errorHandler(8, 'Trying to acces...', 'C:\\xampp\\htdocs...', 167, Array)
#1 C:\xampp\htdocs\complementarias\system\CodeIgniter.php(918): App\Controllers\Division\ResponsableController->cambiarEstatus()
#2 C:\xampp\htdocs\complementarias\system\CodeIgniter.php(404): CodeIgniter\CodeIgniter->runController(Object(App\Controllers\Division\ResponsableController))
#3 C:\xampp\htdocs\complementarias\system\CodeIgniter.php(312): CodeIgniter\CodeIgniter->handleRequest(NULL, Object(Config\Cache), false)
#4 C:\xampp\htdocs\complementarias\index.php(45): CodeIgniter\CodeIgniter->run()
#5 {main}
CRITICAL - 2020-09-21 15:52:30 --> Class 'App\Services\TipoActividadService' not found
#0 C:\xampp\htdocs\complementarias\system\CodeIgniter.php(890): App\Controllers\Division\TipoActividadController->__construct()
#1 C:\xampp\htdocs\complementarias\system\CodeIgniter.php(399): CodeIgniter\CodeIgniter->createController()
#2 C:\xampp\htdocs\complementarias\system\CodeIgniter.php(312): CodeIgniter\CodeIgniter->handleRequest(NULL, Object(Config\Cache), false)
#3 C:\xampp\htdocs\complementarias\index.php(45): CodeIgniter\CodeIgniter->run()
#4 {main}
CRITICAL - 2020-09-21 15:55:52 --> Class 'App\Services\TipoActividadService' not found
#0 C:\xampp\htdocs\complementarias\system\CodeIgniter.php(890): App\Controllers\Division\TipoActividadController->__construct()
#1 C:\xampp\htdocs\complementarias\system\CodeIgniter.php(399): CodeIgniter\CodeIgniter->createController()
#2 C:\xampp\htdocs\complementarias\system\CodeIgniter.php(312): CodeIgniter\CodeIgniter->handleRequest(NULL, Object(Config\Cache), false)
#3 C:\xampp\htdocs\complementarias\index.php(45): CodeIgniter\CodeIgniter->run()
#4 {main}
CRITICAL - 2020-09-21 15:56:13 --> Class 'App\Models\TipoActividadModel' not found
#0 C:\xampp\htdocs\complementarias\app\Controllers\Division\TipoActividadController.php(10): App\Services\Division\TipoActividadService->__construct()
#1 C:\xampp\htdocs\complementarias\system\CodeIgniter.php(890): App\Controllers\Division\TipoActividadController->__construct()
#2 C:\xampp\htdocs\complementarias\system\CodeIgniter.php(399): CodeIgniter\CodeIgniter->createController()
#3 C:\xampp\htdocs\complementarias\system\CodeIgniter.php(312): CodeIgniter\CodeIgniter->handleRequest(NULL, Object(Config\Cache), false)
#4 C:\xampp\htdocs\complementarias\index.php(45): CodeIgniter\CodeIgniter->run()
#5 {main}
CRITICAL - 2020-09-21 15:56:26 --> Class 'App\Models\Division\TipoActividadModel' not found
#0 C:\xampp\htdocs\complementarias\app\Controllers\Division\TipoActividadController.php(10): App\Services\Division\TipoActividadService->__construct()
#1 C:\xampp\htdocs\complementarias\system\CodeIgniter.php(890): App\Controllers\Division\TipoActividadController->__construct()
#2 C:\xampp\htdocs\complementarias\system\CodeIgniter.php(399): CodeIgniter\CodeIgniter->createController()
#3 C:\xampp\htdocs\complementarias\system\CodeIgniter.php(312): CodeIgniter\CodeIgniter->handleRequest(NULL, Object(Config\Cache), false)
#4 C:\xampp\htdocs\complementarias\index.php(45): CodeIgniter\CodeIgniter->run()
#5 {main}
CRITICAL - 2020-09-21 15:56:43 --> Class 'App\Models\Division\TipoActividadModel' not found
#0 C:\xampp\htdocs\complementarias\app\Controllers\Division\TipoActividadController.php(10): App\Services\Division\TipoActividadService->__construct()
#1 C:\xampp\htdocs\complementarias\system\CodeIgniter.php(890): App\Controllers\Division\TipoActividadController->__construct()
#2 C:\xampp\htdocs\complementarias\system\CodeIgniter.php(399): CodeIgniter\CodeIgniter->createController()
#3 C:\xampp\htdocs\complementarias\system\CodeIgniter.php(312): CodeIgniter\CodeIgniter->handleRequest(NULL, Object(Config\Cache), false)
#4 C:\xampp\htdocs\complementarias\index.php(45): CodeIgniter\CodeIgniter->run()
#5 {main}
CRITICAL - 2020-09-21 15:56:45 --> Class 'App\Models\Division\TipoActividadModel' not found
#0 C:\xampp\htdocs\complementarias\app\Controllers\Division\TipoActividadController.php(10): App\Services\Division\TipoActividadService->__construct()
#1 C:\xampp\htdocs\complementarias\system\CodeIgniter.php(890): App\Controllers\Division\TipoActividadController->__construct()
#2 C:\xampp\htdocs\complementarias\system\CodeIgniter.php(399): CodeIgniter\CodeIgniter->createController()
#3 C:\xampp\htdocs\complementarias\system\CodeIgniter.php(312): CodeIgniter\CodeIgniter->handleRequest(NULL, Object(Config\Cache), false)
#4 C:\xampp\htdocs\complementarias\index.php(45): CodeIgniter\CodeIgniter->run()
#5 {main}
CRITICAL - 2020-09-21 16:14:19 --> Undefined variable: session
#0 C:\xampp\htdocs\complementarias\app\Views\Division\TiposActividades\listar.php(5): CodeIgniter\Debug\Exceptions->errorHandler(8, 'Undefined varia...', 'C:\\xampp\\htdocs...', 5, Array)
#1 C:\xampp\htdocs\complementarias\system\View\View.php(246): include('C:\\xampp\\htdocs...')
#2 C:\xampp\htdocs\complementarias\system\Common.php(1119): CodeIgniter\View\View->render('Division/TiposA...', Array, true)
#3 C:\xampp\htdocs\complementarias\app\Controllers\Division\TipoActividadController.php(21): view('Division/TiposA...')
#4 C:\xampp\htdocs\complementarias\system\CodeIgniter.php(918): App\Controllers\Division\TipoActividadController->index()
#5 C:\xampp\htdocs\complementarias\system\CodeIgniter.php(404): CodeIgniter\CodeIgniter->runController(Object(App\Controllers\Division\TipoActividadController))
#6 C:\xampp\htdocs\complementarias\system\CodeIgniter.php(312): CodeIgniter\CodeIgniter->handleRequest(NULL, Object(Config\Cache), false)
#7 C:\xampp\htdocs\complementarias\index.php(45): CodeIgniter\CodeIgniter->run()
#8 {main}
CRITICAL - 2020-09-21 16:38:21 --> 
#0 C:\xampp\htdocs\complementarias\system\HTTP\RedirectResponse.php(92): CodeIgniter\HTTP\Exceptions\HTTPException::forInvalidRedirectRoute('')
#1 C:\xampp\htdocs\complementarias\system\Common.php(845): CodeIgniter\HTTP\RedirectResponse->route(false)
#2 C:\xampp\htdocs\complementarias\app\Controllers\Division\TipoActividadController.php(48): redirect('division/activi...')
#3 C:\xampp\htdocs\complementarias\system\CodeIgniter.php(918): App\Controllers\Division\TipoActividadController->guardar()
#4 C:\xampp\htdocs\complementarias\system\CodeIgniter.php(404): CodeIgniter\CodeIgniter->runController(Object(App\Controllers\Division\TipoActividadController))
#5 C:\xampp\htdocs\complementarias\system\CodeIgniter.php(312): CodeIgniter\CodeIgniter->handleRequest(NULL, Object(Config\Cache), false)
#6 C:\xampp\htdocs\complementarias\index.php(45): CodeIgniter\CodeIgniter->run()
#7 {main}
CRITICAL - 2020-09-21 16:39:43 --> You must set the database table to be used with your query.
#0 C:\xampp\htdocs\complementarias\system\Model.php(1237): CodeIgniter\Database\BaseConnection->table(NULL)
#1 C:\xampp\htdocs\complementarias\system\Model.php(1816): CodeIgniter\Model->builder()
#2 C:\xampp\htdocs\complementarias\app\Services\Division\TipoActividadService.php(42): CodeIgniter\Model->__call('getTipoActivida...', Array)
#3 C:\xampp\htdocs\complementarias\app\Controllers\Division\TipoActividadController.php(63): App\Services\Division\TipoActividadService->getTipoActividadPorId('5')
#4 C:\xampp\htdocs\complementarias\system\CodeIgniter.php(918): App\Controllers\Division\TipoActividadController->editar()
#5 C:\xampp\htdocs\complementarias\system\CodeIgniter.php(404): CodeIgniter\CodeIgniter->runController(Object(App\Controllers\Division\TipoActividadController))
#6 C:\xampp\htdocs\complementarias\system\CodeIgniter.php(312): CodeIgniter\CodeIgniter->handleRequest(NULL, Object(Config\Cache), false)
#7 C:\xampp\htdocs\complementarias\index.php(45): CodeIgniter\CodeIgniter->run()
#8 {main}
CRITICAL - 2020-09-21 16:39:47 --> You must set the database table to be used with your query.
#0 C:\xampp\htdocs\complementarias\system\Model.php(1237): CodeIgniter\Database\BaseConnection->table(NULL)
#1 C:\xampp\htdocs\complementarias\system\Model.php(1816): CodeIgniter\Model->builder()
#2 C:\xampp\htdocs\complementarias\app\Services\Division\TipoActividadService.php(42): CodeIgniter\Model->__call('getTipoActivida...', Array)
#3 C:\xampp\htdocs\complementarias\app\Controllers\Division\TipoActividadController.php(63): App\Services\Division\TipoActividadService->getTipoActividadPorId('5')
#4 C:\xampp\htdocs\complementarias\system\CodeIgniter.php(918): App\Controllers\Division\TipoActividadController->editar()
#5 C:\xampp\htdocs\complementarias\system\CodeIgniter.php(404): CodeIgniter\CodeIgniter->runController(Object(App\Controllers\Division\TipoActividadController))
#6 C:\xampp\htdocs\complementarias\system\CodeIgniter.php(312): CodeIgniter\CodeIgniter->handleRequest(NULL, Object(Config\Cache), false)
#7 C:\xampp\htdocs\complementarias\index.php(45): CodeIgniter\CodeIgniter->run()
#8 {main}
CRITICAL - 2020-09-21 16:40:28 --> You must set the database table to be used with your query.
#0 C:\xampp\htdocs\complementarias\system\Model.php(1237): CodeIgniter\Database\BaseConnection->table(NULL)
#1 C:\xampp\htdocs\complementarias\system\Model.php(1816): CodeIgniter\Model->builder()
#2 C:\xampp\htdocs\complementarias\app\Services\Division\TipoActividadService.php(42): CodeIgniter\Model->__call('getTipoActivida...', Array)
#3 C:\xampp\htdocs\complementarias\app\Controllers\Division\TipoActividadController.php(63): App\Services\Division\TipoActividadService->getTipoActividadPorId('5')
#4 C:\xampp\htdocs\complementarias\system\CodeIgniter.php(918): App\Controllers\Division\TipoActividadController->editar()
#5 C:\xampp\htdocs\complementarias\system\CodeIgniter.php(404): CodeIgniter\CodeIgniter->runController(Object(App\Controllers\Division\TipoActividadController))
#6 C:\xampp\htdocs\complementarias\system\CodeIgniter.php(312): CodeIgniter\CodeIgniter->handleRequest(NULL, Object(Config\Cache), false)
#7 C:\xampp\htdocs\complementarias\index.php(45): CodeIgniter\CodeIgniter->run()
#8 {main}
CRITICAL - 2020-09-21 16:41:17 --> Call to undefined method App\Models\Division\TipoActividadModel::getTipoActividadPorId
#0 C:\xampp\htdocs\complementarias\app\Services\Division\TipoActividadService.php(42): CodeIgniter\Model->__call('getTipoActivida...', Array)
#1 C:\xampp\htdocs\complementarias\app\Controllers\Division\TipoActividadController.php(63): App\Services\Division\TipoActividadService->getTipoActividadPorId('5')
#2 C:\xampp\htdocs\complementarias\system\CodeIgniter.php(918): App\Controllers\Division\TipoActividadController->editar()
#3 C:\xampp\htdocs\complementarias\system\CodeIgniter.php(404): CodeIgniter\CodeIgniter->runController(Object(App\Controllers\Division\TipoActividadController))
#4 C:\xampp\htdocs\complementarias\system\CodeIgniter.php(312): CodeIgniter\CodeIgniter->handleRequest(NULL, Object(Config\Cache), false)
#5 C:\xampp\htdocs\complementarias\index.php(45): CodeIgniter\CodeIgniter->run()
#6 {main}
CRITICAL - 2020-09-21 16:45:35 --> Trying to get property 'estatus' of non-object
#0 C:\xampp\htdocs\complementarias\app\Services\Division\TipoActividadService.php(62): CodeIgniter\Debug\Exceptions->errorHandler(8, 'Trying to get p...', 'C:\\xampp\\htdocs...', 62, Array)
#1 C:\xampp\htdocs\complementarias\app\Controllers\Division\TipoActividadController.php(118): App\Services\Division\TipoActividadService->cambiarEstatus(NULL)
#2 C:\xampp\htdocs\complementarias\system\CodeIgniter.php(918): App\Controllers\Division\TipoActividadController->cambiarEstatus()
#3 C:\xampp\htdocs\complementarias\system\CodeIgniter.php(404): CodeIgniter\CodeIgniter->runController(Object(App\Controllers\Division\TipoActividadController))
#4 C:\xampp\htdocs\complementarias\system\CodeIgniter.php(312): CodeIgniter\CodeIgniter->handleRequest(NULL, Object(Config\Cache), false)
#5 C:\xampp\htdocs\complementarias\index.php(45): CodeIgniter\CodeIgniter->run()
#6 {main}
CRITICAL - 2020-09-21 16:46:27 --> Trying to get property 'estatus' of non-object
#0 C:\xampp\htdocs\complementarias\app\Services\Division\TipoActividadService.php(62): CodeIgniter\Debug\Exceptions->errorHandler(8, 'Trying to get p...', 'C:\\xampp\\htdocs...', 62, Array)
#1 C:\xampp\htdocs\complementarias\app\Controllers\Division\TipoActividadController.php(118): App\Services\Division\TipoActividadService->cambiarEstatus(NULL)
#2 C:\xampp\htdocs\complementarias\system\CodeIgniter.php(918): App\Controllers\Division\TipoActividadController->cambiarEstatus()
#3 C:\xampp\htdocs\complementarias\system\CodeIgniter.php(404): CodeIgniter\CodeIgniter->runController(Object(App\Controllers\Division\TipoActividadController))
#4 C:\xampp\htdocs\complementarias\system\CodeIgniter.php(312): CodeIgniter\CodeIgniter->handleRequest(NULL, Object(Config\Cache), false)
#5 C:\xampp\htdocs\complementarias\index.php(45): CodeIgniter\CodeIgniter->run()
#6 {main}
CRITICAL - 2020-09-21 18:29:03 --> Call to undefined method App\Models\Division\PeriodoModel::getTipos
#0 C:\xampp\htdocs\complementarias\app\Services\Division\PeriodoService.php(20): CodeIgniter\Model->__call('getTipos', Array)
#1 C:\xampp\htdocs\complementarias\app\Controllers\Division\PeriodoController.php(18): App\Services\Division\PeriodoService->getPeriodos()
#2 C:\xampp\htdocs\complementarias\system\CodeIgniter.php(918): App\Controllers\Division\PeriodoController->index()
#3 C:\xampp\htdocs\complementarias\system\CodeIgniter.php(404): CodeIgniter\CodeIgniter->runController(Object(App\Controllers\Division\PeriodoController))
#4 C:\xampp\htdocs\complementarias\system\CodeIgniter.php(312): CodeIgniter\CodeIgniter->handleRequest(NULL, Object(Config\Cache), false)
#5 C:\xampp\htdocs\complementarias\index.php(45): CodeIgniter\CodeIgniter->run()
#6 {main}
CRITICAL - 2020-09-21 18:57:36 --> Undefined variable: tipos_actividades
#0 C:\xampp\htdocs\complementarias\app\Views\Division\Periodos\listar.php(23): CodeIgniter\Debug\Exceptions->errorHandler(8, 'Undefined varia...', 'C:\\xampp\\htdocs...', 23, Array)
#1 C:\xampp\htdocs\complementarias\system\View\View.php(246): include('C:\\xampp\\htdocs...')
#2 C:\xampp\htdocs\complementarias\system\Common.php(1119): CodeIgniter\View\View->render('Division/Period...', Array, true)
#3 C:\xampp\htdocs\complementarias\app\Controllers\Division\PeriodoController.php(22): view('Division/Period...', Array)
#4 C:\xampp\htdocs\complementarias\system\CodeIgniter.php(918): App\Controllers\Division\PeriodoController->index()
#5 C:\xampp\htdocs\complementarias\system\CodeIgniter.php(404): CodeIgniter\CodeIgniter->runController(Object(App\Controllers\Division\PeriodoController))
#6 C:\xampp\htdocs\complementarias\system\CodeIgniter.php(312): CodeIgniter\CodeIgniter->handleRequest(NULL, Object(Config\Cache), false)
#7 C:\xampp\htdocs\complementarias\index.php(45): CodeIgniter\CodeIgniter->run()
#8 {main}
CRITICAL - 2020-09-21 18:57:43 --> Undefined property: stdClass::$fecha_fin
#0 C:\xampp\htdocs\complementarias\app\Views\Division\Periodos\listar.php(28): CodeIgniter\Debug\Exceptions->errorHandler(8, 'Undefined prope...', 'C:\\xampp\\htdocs...', 28, Array)
#1 C:\xampp\htdocs\complementarias\system\View\View.php(246): include('C:\\xampp\\htdocs...')
#2 C:\xampp\htdocs\complementarias\system\Common.php(1119): CodeIgniter\View\View->render('Division/Period...', Array, true)
#3 C:\xampp\htdocs\complementarias\app\Controllers\Division\PeriodoController.php(22): view('Division/Period...', Array)
#4 C:\xampp\htdocs\complementarias\system\CodeIgniter.php(918): App\Controllers\Division\PeriodoController->index()
#5 C:\xampp\htdocs\complementarias\system\CodeIgniter.php(404): CodeIgniter\CodeIgniter->runController(Object(App\Controllers\Division\PeriodoController))
#6 C:\xampp\htdocs\complementarias\system\CodeIgniter.php(312): CodeIgniter\CodeIgniter->handleRequest(NULL, Object(Config\Cache), false)
#7 C:\xampp\htdocs\complementarias\index.php(45): CodeIgniter\CodeIgniter->run()
#8 {main}
CRITICAL - 2020-09-21 19:13:40 --> Undefined variable: session
#0 C:\xampp\htdocs\complementarias\app\Views\Division\Periodos\listar.php(5): CodeIgniter\Debug\Exceptions->errorHandler(8, 'Undefined varia...', 'C:\\xampp\\htdocs...', 5, Array)
#1 C:\xampp\htdocs\complementarias\system\View\View.php(246): include('C:\\xampp\\htdocs...')
#2 C:\xampp\htdocs\complementarias\system\Common.php(1119): CodeIgniter\View\View->render('Division/Period...', Array, true)
#3 C:\xampp\htdocs\complementarias\app\Controllers\Division\PeriodoController.php(22): view('Division/Period...', Array)
#4 C:\xampp\htdocs\complementarias\system\CodeIgniter.php(918): App\Controllers\Division\PeriodoController->index()
#5 C:\xampp\htdocs\complementarias\system\CodeIgniter.php(404): CodeIgniter\CodeIgniter->runController(Object(App\Controllers\Division\PeriodoController))
#6 C:\xampp\htdocs\complementarias\system\CodeIgniter.php(312): CodeIgniter\CodeIgniter->handleRequest(NULL, Object(Config\Cache), false)
#7 C:\xampp\htdocs\complementarias\index.php(45): CodeIgniter\CodeIgniter->run()
#8 {main}
CRITICAL - 2020-09-21 22:22:27 --> Undefined property: CodeIgniter\View\View::$request
#0 C:\xampp\htdocs\complementarias\app\Views\Division\Periodos\editar.php(20): CodeIgniter\Debug\Exceptions->errorHandler(8, 'Undefined prope...', 'C:\\xampp\\htdocs...', 20, Array)
#1 C:\xampp\htdocs\complementarias\system\View\View.php(246): include('C:\\xampp\\htdocs...')
#2 C:\xampp\htdocs\complementarias\system\Common.php(1119): CodeIgniter\View\View->render('Division/Period...', Array, true)
#3 C:\xampp\htdocs\complementarias\app\Controllers\Division\PeriodoController.php(84): view('Division/Period...', Array)
#4 C:\xampp\htdocs\complementarias\system\CodeIgniter.php(918): App\Controllers\Division\PeriodoController->editar()
#5 C:\xampp\htdocs\complementarias\system\CodeIgniter.php(404): CodeIgniter\CodeIgniter->runController(Object(App\Controllers\Division\PeriodoController))
#6 C:\xampp\htdocs\complementarias\system\CodeIgniter.php(312): CodeIgniter\CodeIgniter->handleRequest(NULL, Object(Config\Cache), false)
#7 C:\xampp\htdocs\complementarias\index.php(45): CodeIgniter\CodeIgniter->run()
#8 {main}
CRITICAL - 2020-09-21 23:54:56 --> Class 'App\Models\Division\AreaModel' not found
#0 C:\xampp\htdocs\complementarias\app\Controllers\Division\ActividadController.php(14): App\Services\AreaService->__construct()
#1 C:\xampp\htdocs\complementarias\system\CodeIgniter.php(890): App\Controllers\Division\ActividadController->__construct()
#2 C:\xampp\htdocs\complementarias\system\CodeIgniter.php(399): CodeIgniter\CodeIgniter->createController()
#3 C:\xampp\htdocs\complementarias\system\CodeIgniter.php(312): CodeIgniter\CodeIgniter->handleRequest(NULL, Object(Config\Cache), false)
#4 C:\xampp\htdocs\complementarias\index.php(45): CodeIgniter\CodeIgniter->run()
#5 {main}
